<html xmlns:tp="http://schemas.datacontract.org/2004/07/Microsoft.VisualStudio.TestPlatform.Extensions.HtmlLogger.ObjectModel" xmlns:a="http://schemas.microsoft.com/2003/10/Serialization/Arrays" xmlns:msxsl="urn:schemas-microsoft-com:xslt">
  <body>
    <h1>Test run details</h1>
    <div class="summary">
      <div class="block"><span>Total tests</span><div class="total-tests">0</div><br></div>
      <div class="block"><span>Passed  : </span><span class="passedTests">0</span><br><span>Failed  : </span><span class="failedTests">0</span><br><span>Skipped : </span><span class="skippedTests">0</span><br></div>
      <div class="block"><span>Pass percentage</span><div class="pass-percentage">0 %</div><br></div>
      <div class="block"><span>Run duration</span><div class="test-run-time">1s 673ms</div><br></div><br></div>
    <h2>All Results</h2>
    <div>
      <h2>Informational messages</h2><span>NUnit Adapter 4.2.0.0: Test execution started</span><br><span>Running selected tests in C:\Users\Katsiaryna_Turkova\Documents\Projects\UnitTesting\UnitTest(NUnit)\UnitTest(NUnit)\bin\Debug\net6.0\UnitTest(NUnit).dll</span><br><span>NUnit Adapter 4.2.0.0: Test execution complete</span><br></div>
    <div>
      <h2>Error and Warning messages</h2><span>Data collection : Unable to find a datacollector with friendly name 'Code Coverage'.</span><br><span>Data collection : Could not find data collector 'Code Coverage'</span><br><span>Exception System.TypeInitializationException,    Exception thrown executing tests in C:\Users\Katsiaryna_Turkova\Documents\Projects\UnitTesting\UnitTest(NUnit)\UnitTest(NUnit)\bin\Debug\net6.0\UnitTest(NUnit).dll</span><br><span>The type initializer for 'NUnit.Engine.Services.RuntimeFrameworkService' threw an exception.</span><br><span>   at NUnit.Engine.Services.RuntimeFrameworkService.ApplyImageData(TestPackage package)
   at NUnit.Engine.Services.RuntimeFrameworkService.SelectRuntimeFramework(TestPackage package)
   at NUnit.Engine.Runners.MasterTestRunner.GetEngineRunner()
   at NUnit.Engine.Runners.MasterTestRunner.Explore(TestFilter filter)
   at NUnit.VisualStudio.TestAdapter.NUnitEngine.NUnitEngineAdapter.Explore(TestFilter filter) in D:\repos\NUnit\nunit3-vs-adapter\src\NUnitTestAdapter\NUnitEngine\NUnitEngineAdapter.cs:line 88
   at NUnit.VisualStudio.TestAdapter.NUnit3TestExecutor.RunAssembly(String assemblyPath, IGrouping`2 testCases, TestFilter filter) in D:\repos\NUnit\nunit3-vs-adapter\src\NUnitTestAdapter\NUnit3TestExecutor.cs:line 275</span><br><span>InnerException: System.ArgumentException: Unknown framework version 7.0
Parameter name: version
   at NUnit.Engine.RuntimeFramework.GetClrVersionForFramework(Version frameworkVersion)
   at NUnit.Engine.RuntimeFramework..ctor(RuntimeType runtime, Version version, String profile)
   at NUnit.Engine.RuntimeFramework.GetNetCoreRuntimesFromDirectoryNames(IEnumerable`1 dirNames)
   at NUnit.Engine.RuntimeFramework.FindDotNetCoreFrameworks()
   at NUnit.Engine.RuntimeFramework.FindAvailableFrameworks()
   at NUnit.Engine.RuntimeFramework.get_AvailableFrameworks()
   at NUnit.Engine.Services.RuntimeFrameworkService..cctor()</span><br></div>
  </body><script language="javascript">
        function ToggleClass(id) {
        var elem = document.getElementById(id);
        if (elem.style.display == "none") {
        elem.style.display = "block";
        }
        else {
        elem.style.display = "none";
        }
        }
      </script><style>
        body { font-family: Calibri, Verdana, Arial, sans-serif; background-color: White; color: Black; }
        h2 {
        margin-top: 15px;
        margin-bottom:10px;
        }
        pre {
        white-space: pre-wrap;
        }
        .summary {font-family:monospace;
        display: -webkit-flex; /* Safari */
        -webkit-flex-wrap: wrap; /* Safari 6.1+ */
        display: flex;
        flex-wrap: wrap;
        }
        .row {
        border: 2px solid #ffffff;
        width:100%;
        cursor:pointer;
        background-color:#d7e9fa;
        }
        .list-row {
        border: 2px solid #ffffff;
        width:100%;
        cursor:pointer;
        background-color:#ffffff;
        }
        .inner-row{
        border: 2px solid #ffffff;
        padding-left:1%;
        margin-left:1%;
        background-color:#ffffff;
        }
        .block{
        width : 150px;
        }
        .leaf-division{
        border: 2px solid #ffffff;
        background-color:#e6eff7;
        }
        .pass { color: #0c0; }
        .fail { color: #c00; }
        .error-message { color : brown; }
        .error-stack-trace { color: brown; }
        .duration {float:right;padding-right:1%;}
        .total-tests { font-size : 30px}
        .test-run-time { font-size : 30px}
        .pass-percentage { font-size : 30px}
        .error-info{
        margin-left:16px;
        }
      </style>
</html>