<?xml version="1.0" encoding="utf-8"?>
<TestRun id="81b2afca-5058-4738-a13f-ab63c1b9f74b" name="Katsiaryna_Turkova@EPBYMINW08F6 2023-02-05 20:15:18" runUser="MINSK\Katsiaryna_Turkova" xmlns="http://microsoft.com/schemas/VisualStudio/TeamTest/2010">
  <Times creation="2023-02-05T20:15:18.0708292+04:00" queuing="2023-02-05T20:15:18.0708292+04:00" start="2023-02-05T20:15:16.3894238+04:00" finish="2023-02-05T20:15:18.0708292+04:00" />
  <TestSettings name="default" id="3ffc6051-ae55-4aa0-8b54-2a6a890e52cd">
    <Deployment runDeploymentRoot="Katsiaryna_Turkova_EPBYMINW08F6_2023-02-05_20_15_18" />
  </TestSettings>
  <TestLists>
    <TestList name="Results Not in a List" id="8c84fa94-04c1-424b-9868-57a2d4851a1d" />
    <TestList name="All Loaded Results" id="19431567-8539-422a-85d7-44ee4e166bda" />
  </TestLists>
  <ResultSummary outcome="Failed">
    <Counters total="0" executed="0" passed="0" failed="0" error="0" timeout="0" aborted="0" inconclusive="0" passedButRunAborted="0" notRunnable="0" notExecuted="0" disconnected="0" warning="0" completed="0" inProgress="0" pending="0" />
    <Output>
      <StdOut>NUnit Adapter 4.2.0.0: Test execution started&#xD;
Running selected tests in C:\Users\Katsiaryna_Turkova\Documents\Projects\UnitTesting\UnitTest(NUnit)\UnitTest(NUnit)\bin\Debug\net6.0\UnitTest(NUnit).dll&#xD;
NUnit Adapter 4.2.0.0: Test execution complete&#xD;
</StdOut>
    </Output>
    <RunInfos>
      <RunInfo computerName="EPBYMINW08F6" outcome="Warning" timestamp="2023-02-05T20:15:17.0765399+04:00">
        <Text>Data collection : Unable to find a datacollector with friendly name 'Code Coverage'.</Text>
      </RunInfo>
      <RunInfo computerName="EPBYMINW08F6" outcome="Warning" timestamp="2023-02-05T20:15:17.0765399+04:00">
        <Text>Data collection : Could not find data collector 'Code Coverage'</Text>
      </RunInfo>
      <RunInfo computerName="EPBYMINW08F6" outcome="Warning" timestamp="2023-02-05T20:15:17.9886171+04:00">
        <Text>Exception System.TypeInitializationException,    Exception thrown executing tests in C:\Users\Katsiaryna_Turkova\Documents\Projects\UnitTesting\UnitTest(NUnit)\UnitTest(NUnit)\bin\Debug\net6.0\UnitTest(NUnit).dll</Text>
      </RunInfo>
      <RunInfo computerName="EPBYMINW08F6" outcome="Warning" timestamp="2023-02-05T20:15:17.9886171+04:00">
        <Text>The type initializer for 'NUnit.Engine.Services.RuntimeFrameworkService' threw an exception.</Text>
      </RunInfo>
      <RunInfo computerName="EPBYMINW08F6" outcome="Warning" timestamp="2023-02-05T20:15:17.9965937+04:00">
        <Text>   at NUnit.Engine.Services.RuntimeFrameworkService.ApplyImageData(TestPackage package)&#xD;
   at NUnit.Engine.Services.RuntimeFrameworkService.SelectRuntimeFramework(TestPackage package)&#xD;
   at NUnit.Engine.Runners.MasterTestRunner.GetEngineRunner()&#xD;
   at NUnit.Engine.Runners.MasterTestRunner.Explore(TestFilter filter)&#xD;
   at NUnit.VisualStudio.TestAdapter.NUnitEngine.NUnitEngineAdapter.Explore(TestFilter filter) in D:\repos\NUnit\nunit3-vs-adapter\src\NUnitTestAdapter\NUnitEngine\NUnitEngineAdapter.cs:line 88&#xD;
   at NUnit.VisualStudio.TestAdapter.NUnit3TestExecutor.RunAssembly(String assemblyPath, IGrouping`2 testCases, TestFilter filter) in D:\repos\NUnit\nunit3-vs-adapter\src\NUnitTestAdapter\NUnit3TestExecutor.cs:line 275</Text>
      </RunInfo>
      <RunInfo computerName="EPBYMINW08F6" outcome="Warning" timestamp="2023-02-05T20:15:17.9985899+04:00">
        <Text>InnerException: System.ArgumentException: Unknown framework version 7.0&#xD;
Parameter name: version&#xD;
   at NUnit.Engine.RuntimeFramework.GetClrVersionForFramework(Version frameworkVersion)&#xD;
   at NUnit.Engine.RuntimeFramework..ctor(RuntimeType runtime, Version version, String profile)&#xD;
   at NUnit.Engine.RuntimeFramework.GetNetCoreRuntimesFromDirectoryNames(IEnumerable`1 dirNames)&#xD;
   at NUnit.Engine.RuntimeFramework.FindDotNetCoreFrameworks()&#xD;
   at NUnit.Engine.RuntimeFramework.FindAvailableFrameworks()&#xD;
   at NUnit.Engine.RuntimeFramework.get_AvailableFrameworks()&#xD;
   at NUnit.Engine.Services.RuntimeFrameworkService..cctor()</Text>
      </RunInfo>
    </RunInfos>
  </ResultSummary>
</TestRun>